2022-09-19 10:37:33 DEBUG InternalLoggerFactory:89 - Using Log4J as the default logging framework
2022-09-19 10:37:33 DEBUG ResourceLeakDetector:129 - -Dio.netty.leakDetection.level: simple
2022-09-19 10:37:33 DEBUG ResourceLeakDetector:130 - -Dio.netty.leakDetection.targetRecords: 4
2022-09-19 10:37:33 DEBUG ResourceLeakDetectorFactory:196 - Loaded default ResourceLeakDetector: io.netty.util.ResourceLeakDetector@57ac5227
2022-09-19 10:37:33 DEBUG PlatformDependent0:495 - -Dio.netty.noUnsafe: false
2022-09-19 10:37:33 DEBUG PlatformDependent0:998 - Java version: 8
2022-09-19 10:37:33 DEBUG PlatformDependent0:136 - sun.misc.Unsafe.theUnsafe: available
2022-09-19 10:37:33 DEBUG PlatformDependent0:160 - sun.misc.Unsafe.copyMemory: available
2022-09-19 10:37:33 DEBUG PlatformDependent0:192 - sun.misc.Unsafe.storeFence: available
2022-09-19 10:37:33 DEBUG PlatformDependent0:235 - java.nio.Buffer.address: available
2022-09-19 10:37:33 DEBUG PlatformDependent0:306 - direct buffer constructor: available
2022-09-19 10:37:33 DEBUG PlatformDependent0:384 - java.nio.Bits.unaligned: available, true
2022-09-19 10:37:33 DEBUG PlatformDependent0:458 - jdk.internal.misc.Unsafe.allocateUninitializedArray(int): unavailable prior to Java9
2022-09-19 10:37:33 DEBUG PlatformDependent0:481 - java.nio.DirectByteBuffer.<init>(long, int): available
2022-09-19 10:37:33 DEBUG PlatformDependent:1120 - sun.misc.Unsafe: available
2022-09-19 10:37:33 DEBUG PlatformDependent:1250 - -Dio.netty.tmpdir: C:\Users\ANIRUD~1\AppData\Local\Temp (java.io.tmpdir)
2022-09-19 10:37:33 DEBUG PlatformDependent:1329 - -Dio.netty.bitMode: 64 (sun.arch.data.model)
2022-09-19 10:37:33 DEBUG PlatformDependent:1080 - Platform: Windows
2022-09-19 10:37:33 DEBUG PlatformDependent:178 - -Dio.netty.maxDirectMemory: 1853358080 bytes
2022-09-19 10:37:33 DEBUG PlatformDependent:185 - -Dio.netty.uninitializedArrayAllocationThreshold: -1
2022-09-19 10:37:33 DEBUG CleanerJava6:92 - java.nio.ByteBuffer.cleaner(): available
2022-09-19 10:37:33 DEBUG PlatformDependent:205 - -Dio.netty.noPreferDirect: false
2022-09-19 10:37:33 DEBUG PlatformDependent:971 - org.jctools-core.MpscChunkedArrayQueue: available
2022-09-19 10:37:33 DEBUG InternalThreadLocalMap:86 - -Dio.netty.threadLocalMap.stringBuilder.initialSize: 1024
2022-09-19 10:37:33 DEBUG InternalThreadLocalMap:89 - -Dio.netty.threadLocalMap.stringBuilder.maxSize: 4096
2022-09-19 10:37:33 DEBUG JdkSslContext:97 - Default protocols (JDK): [TLSv1.2] 
2022-09-19 10:37:33 DEBUG JdkSslContext:98 - Default cipher suites (JDK): [TLS_ECDHE_ECDSA_WITH_AES_256_GCM_SHA384, TLS_ECDHE_ECDSA_WITH_AES_128_GCM_SHA256, TLS_ECDHE_RSA_WITH_AES_128_GCM_SHA256, TLS_ECDHE_RSA_WITH_AES_256_GCM_SHA384, TLS_ECDHE_RSA_WITH_AES_128_CBC_SHA, TLS_ECDHE_RSA_WITH_AES_256_CBC_SHA, TLS_RSA_WITH_AES_128_GCM_SHA256, TLS_RSA_WITH_AES_128_CBC_SHA, TLS_RSA_WITH_AES_256_CBC_SHA, TLS_AES_128_GCM_SHA256, TLS_AES_256_GCM_SHA384]
2022-09-19 10:37:33 DEBUG MultithreadEventLoopGroup:44 - -Dio.netty.eventLoopThreads: 16
2022-09-19 10:37:33 DEBUG NioEventLoop:109 - -Dio.netty.noKeySetOptimization: false
2022-09-19 10:37:33 DEBUG NioEventLoop:110 - -Dio.netty.selectorAutoRebuildThreshold: 512
2022-09-19 10:37:33 DEBUG PooledByteBufAllocator:157 - -Dio.netty.allocator.numHeapArenas: 16
2022-09-19 10:37:33 DEBUG PooledByteBufAllocator:158 - -Dio.netty.allocator.numDirectArenas: 16
2022-09-19 10:37:33 DEBUG PooledByteBufAllocator:160 - -Dio.netty.allocator.pageSize: 8192
2022-09-19 10:37:33 DEBUG PooledByteBufAllocator:165 - -Dio.netty.allocator.maxOrder: 9
2022-09-19 10:37:33 DEBUG PooledByteBufAllocator:169 - -Dio.netty.allocator.chunkSize: 4194304
2022-09-19 10:37:33 DEBUG PooledByteBufAllocator:170 - -Dio.netty.allocator.smallCacheSize: 256
2022-09-19 10:37:33 DEBUG PooledByteBufAllocator:171 - -Dio.netty.allocator.normalCacheSize: 64
2022-09-19 10:37:33 DEBUG PooledByteBufAllocator:172 - -Dio.netty.allocator.maxCachedBufferCapacity: 32768
2022-09-19 10:37:33 DEBUG PooledByteBufAllocator:173 - -Dio.netty.allocator.cacheTrimInterval: 8192
2022-09-19 10:37:33 DEBUG PooledByteBufAllocator:174 - -Dio.netty.allocator.cacheTrimIntervalMillis: 0
2022-09-19 10:37:33 DEBUG PooledByteBufAllocator:175 - -Dio.netty.allocator.useCacheForAllThreads: false
2022-09-19 10:37:33 DEBUG PooledByteBufAllocator:176 - -Dio.netty.allocator.maxCachedByteBuffersPerChunk: 1023
2022-09-19 10:37:33 DEBUG ByteBufUtil:87 - -Dio.netty.allocator.type: pooled
2022-09-19 10:37:33 DEBUG ByteBufUtil:96 - -Dio.netty.threadLocalDirectBufferSize: 0
2022-09-19 10:37:33 DEBUG ByteBufUtil:99 - -Dio.netty.maxThreadLocalCharBufferSize: 16384
2022-09-19 10:37:34 DEBUG DefaultChannelId:79 - -Dio.netty.processId: 672 (auto-detected)
2022-09-19 10:37:34 DEBUG NetUtil:136 - -Djava.net.preferIPv4Stack: false
2022-09-19 10:37:34 DEBUG NetUtil:137 - -Djava.net.preferIPv6Addresses: false
2022-09-19 10:37:34 DEBUG NetUtilInitializations:129 - Loopback interface: lo (Software Loopback Interface 1, 127.0.0.1)
2022-09-19 10:37:34 DEBUG NetUtil:191 - Failed to get SOMAXCONN from sysctl and file \proc\sys\net\core\somaxconn. Default: 200
2022-09-19 10:37:34 DEBUG DefaultChannelId:101 - -Dio.netty.machineId: 20:4e:f6:ff:fe:6e:5e:21 (auto-detected)
2022-09-19 10:37:34 DEBUG AbstractByteBuf:63 - -Dio.netty.buffer.checkAccessible: true
2022-09-19 10:37:34 DEBUG AbstractByteBuf:64 - -Dio.netty.buffer.checkBounds: true
2022-09-19 10:37:34 DEBUG ResourceLeakDetectorFactory:196 - Loaded default ResourceLeakDetector: io.netty.util.ResourceLeakDetector@4d2c40a1
2022-09-19 10:37:35 DEBUG Recycler:85 - -Dio.netty.recycler.maxCapacityPerThread: 4096
2022-09-19 10:37:35 DEBUG Recycler:86 - -Dio.netty.recycler.ratio: 8
2022-09-19 10:37:35 DEBUG Recycler:87 - -Dio.netty.recycler.chunkSize: 32
2022-09-19 10:37:35 DEBUG Recycler:88 - -Dio.netty.recycler.blocking: false
2022-09-19 10:37:35 DEBUG Brotli:38 - brotli4j not in the classpath; Brotli support will be unavailable.
2022-09-19 10:37:36 DEBUG ThreadLocalRandom:214 - -Dio.netty.initialSeedUniquifier: 0x5d823a26ab698a87
2022-09-19 10:37:47 INFO  Log:11 - =====================================verifyLogo TEST START=========================================
2022-09-19 10:37:47 INFO  Log:15 - =====================================verifyLogo TEST END=========================================
2022-09-19 10:38:01 INFO  Log:11 - =====================================verifyTitle TEST START=========================================
2022-09-19 10:38:01 INFO  Log:15 - =====================================verifyTitle TEST END=========================================
2022-09-19 10:38:02 DEBUG cache:45 - Couldn't find template in cache for "v3html/v3-html-index.ftl"("en", UTF-8, parsed); will try to load it.
2022-09-19 10:38:02 DEBUG cache:45 - TemplateLoader.findTemplateSource("v3html/v3-html-index_en.ftl"): Not found
2022-09-19 10:38:02 DEBUG cache:45 - TemplateLoader.findTemplateSource("v3html/v3-html-index.ftl"): Found
2022-09-19 10:38:02 DEBUG cache:45 - Loading template for "v3html/v3-html-index.ftl"("en", UTF-8, parsed) from "jar:file:/C:/Users/Aniruddha%20Dey/.m2/repository/com/aventstack/extentreports/4.0.9/extentreports-4.0.9.jar!/com/aventstack/extentreports/view/v3html/v3-html-index.ftl"
2022-09-19 10:38:02 DEBUG cache:45 - Couldn't find template in cache for "v3html/v3-html-head.ftl"("en", UTF-8, parsed); will try to load it.
2022-09-19 10:38:02 DEBUG cache:45 - TemplateLoader.findTemplateSource("v3html/v3-html-head_en.ftl"): Not found
2022-09-19 10:38:02 DEBUG cache:45 - TemplateLoader.findTemplateSource("v3html/v3-html-head.ftl"): Found
2022-09-19 10:38:02 DEBUG cache:45 - Loading template for "v3html/v3-html-head.ftl"("en", UTF-8, parsed) from "jar:file:/C:/Users/Aniruddha%20Dey/.m2/repository/com/aventstack/extentreports/4.0.9/extentreports-4.0.9.jar!/com/aventstack/extentreports/view/v3html/v3-html-head.ftl"
2022-09-19 10:38:02 DEBUG cache:45 - Couldn't find template in cache for "v3html/v3-html-nav.ftl"("en", UTF-8, parsed); will try to load it.
2022-09-19 10:38:02 DEBUG cache:45 - TemplateLoader.findTemplateSource("v3html/v3-html-nav_en.ftl"): Not found
2022-09-19 10:38:02 DEBUG cache:45 - TemplateLoader.findTemplateSource("v3html/v3-html-nav.ftl"): Found
2022-09-19 10:38:02 DEBUG cache:45 - Loading template for "v3html/v3-html-nav.ftl"("en", UTF-8, parsed) from "jar:file:/C:/Users/Aniruddha%20Dey/.m2/repository/com/aventstack/extentreports/4.0.9/extentreports-4.0.9.jar!/com/aventstack/extentreports/view/v3html/v3-html-nav.ftl"
2022-09-19 10:38:02 DEBUG cache:45 - Couldn't find template in cache for "v3html/test-view/v3-html-test-view.ftl"("en", UTF-8, parsed); will try to load it.
2022-09-19 10:38:02 DEBUG cache:45 - TemplateLoader.findTemplateSource("v3html/test-view/v3-html-test-view_en.ftl"): Not found
2022-09-19 10:38:02 DEBUG cache:45 - TemplateLoader.findTemplateSource("v3html/test-view/v3-html-test-view.ftl"): Found
2022-09-19 10:38:02 DEBUG cache:45 - Loading template for "v3html/test-view/v3-html-test-view.ftl"("en", UTF-8, parsed) from "jar:file:/C:/Users/Aniruddha%20Dey/.m2/repository/com/aventstack/extentreports/4.0.9/extentreports-4.0.9.jar!/com/aventstack/extentreports/view/v3html/test-view/v3-html-test-view.ftl"
2022-09-19 10:38:02 DEBUG cache:45 - Couldn't find template in cache for "v3html/test-view/v3-html-test-view-charts.ftl"("en", UTF-8, parsed); will try to load it.
2022-09-19 10:38:02 DEBUG cache:45 - TemplateLoader.findTemplateSource("v3html/test-view/v3-html-test-view-charts_en.ftl"): Not found
2022-09-19 10:38:02 DEBUG cache:45 - TemplateLoader.findTemplateSource("v3html/test-view/v3-html-test-view-charts.ftl"): Found
2022-09-19 10:38:02 DEBUG cache:45 - Loading template for "v3html/test-view/v3-html-test-view-charts.ftl"("en", UTF-8, parsed) from "jar:file:/C:/Users/Aniruddha%20Dey/.m2/repository/com/aventstack/extentreports/4.0.9/extentreports-4.0.9.jar!/com/aventstack/extentreports/view/v3html/test-view/v3-html-test-view-charts.ftl"
2022-09-19 10:38:02 DEBUG cache:45 - Couldn't find template in cache for "v3html/test-view/v3-html-standard.ftl"("en", UTF-8, parsed); will try to load it.
2022-09-19 10:38:02 DEBUG cache:45 - TemplateLoader.findTemplateSource("v3html/test-view/v3-html-standard_en.ftl"): Not found
2022-09-19 10:38:02 DEBUG cache:45 - TemplateLoader.findTemplateSource("v3html/test-view/v3-html-standard.ftl"): Found
2022-09-19 10:38:02 DEBUG cache:45 - Loading template for "v3html/test-view/v3-html-standard.ftl"("en", UTF-8, parsed) from "jar:file:/C:/Users/Aniruddha%20Dey/.m2/repository/com/aventstack/extentreports/4.0.9/extentreports-4.0.9.jar!/com/aventstack/extentreports/view/v3html/test-view/v3-html-standard.ftl"
2022-09-19 10:38:02 DEBUG cache:45 - "v3html/test-view/v3-html-standard.ftl"("en", UTF-8, parsed) cached copy not yet stale; using cached.
2022-09-19 10:38:02 DEBUG cache:45 - Couldn't find template in cache for "v3html/category-view/v3-html-category-view.ftl"("en", UTF-8, parsed); will try to load it.
2022-09-19 10:38:02 DEBUG cache:45 - TemplateLoader.findTemplateSource("v3html/category-view/v3-html-category-view_en.ftl"): Not found
2022-09-19 10:38:02 DEBUG cache:45 - TemplateLoader.findTemplateSource("v3html/category-view/v3-html-category-view.ftl"): Found
2022-09-19 10:38:02 DEBUG cache:45 - Loading template for "v3html/category-view/v3-html-category-view.ftl"("en", UTF-8, parsed) from "jar:file:/C:/Users/Aniruddha%20Dey/.m2/repository/com/aventstack/extentreports/4.0.9/extentreports-4.0.9.jar!/com/aventstack/extentreports/view/v3html/category-view/v3-html-category-view.ftl"
2022-09-19 10:38:02 DEBUG cache:45 - Couldn't find template in cache for "v3html/exception-view/v3-html-exception-view.ftl"("en", UTF-8, parsed); will try to load it.
2022-09-19 10:38:02 DEBUG cache:45 - TemplateLoader.findTemplateSource("v3html/exception-view/v3-html-exception-view_en.ftl"): Not found
2022-09-19 10:38:02 DEBUG cache:45 - TemplateLoader.findTemplateSource("v3html/exception-view/v3-html-exception-view.ftl"): Found
2022-09-19 10:38:02 DEBUG cache:45 - Loading template for "v3html/exception-view/v3-html-exception-view.ftl"("en", UTF-8, parsed) from "jar:file:/C:/Users/Aniruddha%20Dey/.m2/repository/com/aventstack/extentreports/4.0.9/extentreports-4.0.9.jar!/com/aventstack/extentreports/view/v3html/exception-view/v3-html-exception-view.ftl"
2022-09-19 10:38:02 DEBUG cache:45 - Couldn't find template in cache for "v3html/author-view/v3-html-author-view.ftl"("en", UTF-8, parsed); will try to load it.
2022-09-19 10:38:02 DEBUG cache:45 - TemplateLoader.findTemplateSource("v3html/author-view/v3-html-author-view_en.ftl"): Not found
2022-09-19 10:38:02 DEBUG cache:45 - TemplateLoader.findTemplateSource("v3html/author-view/v3-html-author-view.ftl"): Found
2022-09-19 10:38:02 DEBUG cache:45 - Loading template for "v3html/author-view/v3-html-author-view.ftl"("en", UTF-8, parsed) from "jar:file:/C:/Users/Aniruddha%20Dey/.m2/repository/com/aventstack/extentreports/4.0.9/extentreports-4.0.9.jar!/com/aventstack/extentreports/view/v3html/author-view/v3-html-author-view.ftl"
2022-09-19 10:38:02 DEBUG cache:45 - Couldn't find template in cache for "v3html/dashboard-view/v3-html-dashboard-view.ftl"("en", UTF-8, parsed); will try to load it.
2022-09-19 10:38:02 DEBUG cache:45 - TemplateLoader.findTemplateSource("v3html/dashboard-view/v3-html-dashboard-view_en.ftl"): Not found
2022-09-19 10:38:02 DEBUG cache:45 - TemplateLoader.findTemplateSource("v3html/dashboard-view/v3-html-dashboard-view.ftl"): Found
2022-09-19 10:38:02 DEBUG cache:45 - Loading template for "v3html/dashboard-view/v3-html-dashboard-view.ftl"("en", UTF-8, parsed) from "jar:file:/C:/Users/Aniruddha%20Dey/.m2/repository/com/aventstack/extentreports/4.0.9/extentreports-4.0.9.jar!/com/aventstack/extentreports/view/v3html/dashboard-view/v3-html-dashboard-view.ftl"
2022-09-19 10:38:02 DEBUG cache:45 - Couldn't find template in cache for "v3html/logs-view/v3-html-testrunner-logs-view.ftl"("en", UTF-8, parsed); will try to load it.
2022-09-19 10:38:02 DEBUG cache:45 - TemplateLoader.findTemplateSource("v3html/logs-view/v3-html-testrunner-logs-view_en.ftl"): Not found
2022-09-19 10:38:02 DEBUG cache:45 - TemplateLoader.findTemplateSource("v3html/logs-view/v3-html-testrunner-logs-view.ftl"): Found
2022-09-19 10:38:02 DEBUG cache:45 - Loading template for "v3html/logs-view/v3-html-testrunner-logs-view.ftl"("en", UTF-8, parsed) from "jar:file:/C:/Users/Aniruddha%20Dey/.m2/repository/com/aventstack/extentreports/4.0.9/extentreports-4.0.9.jar!/com/aventstack/extentreports/view/v3html/logs-view/v3-html-testrunner-logs-view.ftl"
